{"meta": {"format": 3, "version": "7.13.2", "timestamp": "2026-02-02T07:00:16.483590", "branch_coverage": false, "show_contexts": false}, "files": {"src/api/__init__.py": {"executed_lines": [], "summary": {"covered_lines": 0, "num_statements": 0, "percent_covered": 100.0, "percent_covered_display": "100", "missing_lines": 0, "excluded_lines": 0, "percent_statements_covered": 100.0, "percent_statements_covered_display": "100"}, "missing_lines": [], "excluded_lines": [], "functions": {"": {"executed_lines": [], "summary": {"covered_lines": 0, "num_statements": 0, "percent_covered": 100.0, "percent_covered_display": "100", "missing_lines": 0, "excluded_lines": 0, "percent_statements_covered": 100.0, "percent_statements_covered_display": "100"}, "missing_lines": [], "excluded_lines": [], "start_line": 1}}, "classes": {"": {"executed_lines": [], "summary": {"covered_lines": 0, "num_statements": 0, "percent_covered": 100.0, "percent_covered_display": "100", "missing_lines": 0, "excluded_lines": 0, "percent_statements_covered": 100.0, "percent_statements_covered_display": "100"}, "missing_lines": [], "excluded_lines": [], "start_line": 1}}}, "src/api/generate_openapi.py": {"executed_lines": [], "summary": {"covered_lines": 0, "num_statements": 9, "percent_covered": 0.0, "percent_covered_display": "0", "missing_lines": 9, "excluded_lines": 0, "percent_statements_covered": 0.0, "percent_statements_covered_display": "0"}, "missing_lines": [1, 2, 4, 7, 10, 11, 12, 14, 15], "excluded_lines": [], "functions": {"": {"executed_lines": [], "summary": {"covered_lines": 0, "num_statements": 9, "percent_covered": 0.0, "percent_covered_display": "0", "missing_lines": 9, "excluded_lines": 0, "percent_statements_covered": 0.0, "percent_statements_covered_display": "0"}, "missing_lines": [1, 2, 4, 7, 10, 11, 12, 14, 15], "excluded_lines": [], "start_line": 1}}, "classes": {"": {"executed_lines": [], "summary": {"covered_lines": 0, "num_statements": 9, "percent_covered": 0.0, "percent_covered_display": "0", "missing_lines": 9, "excluded_lines": 0, "percent_statements_covered": 0.0, "percent_statements_covered_display": "0"}, "missing_lines": [1, 2, 4, 7, 10, 11, 12, 14, 15], "excluded_lines": [], "start_line": 1}}}, "src/api/main.py": {"executed_lines": [7, 8, 9, 10, 11, 12, 13, 14, 16, 17, 18, 21, 25, 30, 50, 116, 117, 118, 125, 126, 128, 129, 131, 132, 133, 135, 145, 148, 151, 152, 153, 163, 164, 165, 169, 170, 174, 175, 185, 186, 190, 200, 206, 213, 229, 230, 300, 301], "summary": {"covered_lines": 48, "num_statements": 87, "percent_covered": 55.172413793103445, "percent_covered_display": "55", "missing_lines": 39, "excluded_lines": 0, "percent_statements_covered": 55.172413793103445, "percent_statements_covered_display": "55"}, "missing_lines": [121, 122, 155, 156, 160, 240, 241, 242, 245, 246, 247, 250, 251, 252, 254, 255, 260, 262, 263, 268, 271, 272, 274, 275, 277, 279, 280, 282, 285, 286, 287, 288, 291, 292, 293, 294, 295, 296, 305], "excluded_lines": [], "functions": {"validation_exception_handler": {"executed_lines": [174, 175], "summary": {"covered_lines": 2, "num_statements": 2, "percent_covered": 100.0, "percent_covered_display": "100", "missing_lines": 0, "excluded_lines": 0, "percent_statements_covered": 100.0, "percent_statements_covered_display": "100"}, "missing_lines": [], "excluded_lines": [], "start_line": 170}, "http_exception_handler": {"executed_lines": [190], "summary": {"covered_lines": 1, "num_statements": 1, "percent_covered": 100.0, "percent_covered_display": "100", "missing_lines": 0, "excluded_lines": 0, "percent_statements_covered": 100.0, "percent_statements_covered_display": "100"}, "missing_lines": [], "excluded_lines": [], "start_line": 186}, "health_check": {"executed_lines": [213], "summary": {"covered_lines": 1, "num_statements": 1, "percent_covered": 100.0, "percent_covered_display": "100", "missing_lines": 0, "excluded_lines": 0, "percent_statements_covered": 100.0, "percent_statements_covered_display": "100"}, "missing_lines": [], "excluded_lines": [], "start_line": 206}, "startup_event": {"executed_lines": [], "summary": {"covered_lines": 0, "num_statements": 33, "percent_covered": 0.0, "percent_covered_display": "0", "missing_lines": 33, "excluded_lines": 0, "percent_statements_covered": 0.0, "percent_statements_covered_display": "0"}, "missing_lines": [240, 241, 242, 245, 246, 247, 250, 251, 252, 254, 255, 260, 262, 263, 268, 271, 272, 274, 275, 277, 279, 280, 282, 285, 286, 287, 288, 291, 292, 293, 294, 295, 296], "excluded_lines": [], "start_line": 230}, "shutdown_event": {"executed_lines": [], "summary": {"covered_lines": 0, "num_statements": 1, "percent_covered": 0.0, "percent_covered_display": "0", "missing_lines": 1, "excluded_lines": 0, "percent_statements_covered": 0.0, "percent_statements_covered_display": "0"}, "missing_lines": [305], "excluded_lines": [], "start_line": 301}, "": {"executed_lines": [7, 8, 9, 10, 11, 12, 13, 14, 16, 17, 18, 21, 25, 30, 50, 116, 117, 118, 125, 126, 128, 129, 131, 132, 133, 135, 145, 148, 151, 152, 153, 163, 164, 165, 169, 170, 185, 186, 200, 206, 229, 230, 300, 301], "summary": {"covered_lines": 44, "num_statements": 49, "percent_covered": 89.79591836734694, "percent_covered_display": "90", "missing_lines": 5, "excluded_lines": 0, "percent_statements_covered": 89.79591836734694, "percent_statements_covered_display": "90"}, "missing_lines": [121, 122, 155, 156, 160], "excluded_lines": [], "start_line": 1}}, "classes": {"": {"executed_lines": [7, 8, 9, 10, 11, 12, 13, 14, 16, 17, 18, 21, 25, 30, 50, 116, 117, 118, 125, 126, 128, 129, 131, 132, 133, 135, 145, 148, 151, 152, 153, 163, 164, 165, 169, 170, 174, 175, 185, 186, 190, 200, 206, 213, 229, 230, 300, 301], "summary": {"covered_lines": 48, "num_statements": 87, "percent_covered": 55.172413793103445, "percent_covered_display": "55", "missing_lines": 39, "excluded_lines": 0, "percent_statements_covered": 55.172413793103445, "percent_statements_covered_display": "55"}, "missing_lines": [121, 122, 155, 156, 160, 240, 241, 242, 245, 246, 247, 250, 251, 252, 254, 255, 260, 262, 263, 268, 271, 272, 274, 275, 277, 279, 280, 282, 285, 286, 287, 288, 291, 292, 293, 294, 295, 296, 305], "excluded_lines": [], "start_line": 1}}}, "src/api/routes/__init__.py": {"executed_lines": [4, 5, 6, 8], "summary": {"covered_lines": 4, "num_statements": 4, "percent_covered": 100.0, "percent_covered_display": "100", "missing_lines": 0, "excluded_lines": 0, "percent_statements_covered": 100.0, "percent_statements_covered_display": "100"}, "missing_lines": [], "excluded_lines": [], "functions": {"": {"executed_lines": [4, 5, 6, 8], "summary": {"covered_lines": 4, "num_statements": 4, "percent_covered": 100.0, "percent_covered_display": "100", "missing_lines": 0, "excluded_lines": 0, "percent_statements_covered": 100.0, "percent_statements_covered_display": "100"}, "missing_lines": [], "excluded_lines": [], "start_line": 1}}, "classes": {"": {"executed_lines": [4, 5, 6, 8], "summary": {"covered_lines": 4, "num_statements": 4, "percent_covered": 100.0, "percent_covered_display": "100", "missing_lines": 0, "excluded_lines": 0, "percent_statements_covered": 100.0, "percent_statements_covered_display": "100"}, "missing_lines": [], "excluded_lines": [], "start_line": 1}}}, "src/api/routes/citywide.py": {"executed_lines": [7, 8, 9, 11, 12, 13, 14, 15, 16, 17, 19, 20, 22, 26, 96, 147, 150, 160, 161, 162, 163, 168, 171, 172, 173, 179, 186, 187, 198, 199, 200, 203, 218, 219, 220, 221, 223, 226, 227, 228, 229, 230, 231, 232, 234, 235, 237, 257, 262, 263, 264, 267, 268, 272, 282, 283], "summary": {"covered_lines": 56, "num_statements": 73, "percent_covered": 76.71232876712328, "percent_covered_display": "77", "missing_lines": 17, "excluded_lines": 0, "percent_statements_covered": 76.71232876712328, "percent_statements_covered_display": "77"}, "missing_lines": [180, 181, 238, 243, 253, 254, 285, 288, 295, 311, 318, 326, 328, 330, 331, 336, 337], "excluded_lines": [], "functions": {"get_citywide_risk": {"executed_lines": [147, 150, 160, 161, 162, 163, 168, 171, 172, 173, 179, 186, 187, 198, 199, 200, 203, 218, 219, 220, 221, 223, 226, 227, 228, 229, 230, 231, 232, 234, 235, 237, 257, 262, 263, 264, 267, 268, 272, 282, 283], "summary": {"covered_lines": 41, "num_statements": 58, "percent_covered": 70.6896551724138, "percent_covered_display": "71", "missing_lines": 17, "excluded_lines": 0, "percent_statements_covered": 70.6896551724138, "percent_statements_covered_display": "71"}, "missing_lines": [180, 181, 238, 243, 253, 254, 285, 288, 295, 311, 318, 326, 328, 330, 331, 336, 337], "excluded_lines": [], "start_line": 96}, "": {"executed_lines": [7, 8, 9, 11, 12, 13, 14, 15, 16, 17, 19, 20, 22, 26, 96], "summary": {"covered_lines": 15, "num_statements": 15, "percent_covered": 100.0, "percent_covered_display": "100", "missing_lines": 0, "excluded_lines": 0, "percent_statements_covered": 100.0, "percent_statements_covered_display": "100"}, "missing_lines": [], "excluded_lines": [], "start_line": 1}}, "classes": {"": {"executed_lines": [7, 8, 9, 11, 12, 13, 14, 15, 16, 17, 19, 20, 22, 26, 96, 147, 150, 160, 161, 162, 163, 168, 171, 172, 173, 179, 186, 187, 198, 199, 200, 203, 218, 219, 220, 221, 223, 226, 227, 228, 229, 230, 231, 232, 234, 235, 237, 257, 262, 263, 264, 267, 268, 272, 282, 283], "summary": {"covered_lines": 56, "num_statements": 73, "percent_covered": 76.71232876712328, "percent_covered_display": "77", "missing_lines": 17, "excluded_lines": 0, "percent_statements_covered": 76.71232876712328, "percent_statements_covered_display": "77"}, "missing_lines": [180, 181, 238, 243, 253, 254, 285, 288, 295, 311, 318, 326, 328, 330, 331, 336, 337], "excluded_lines": [], "start_line": 1}}}, "src/api/routes/forecast.py": {"executed_lines": [8, 9, 10, 11, 13, 14, 15, 16, 17, 18, 20, 22, 26, 89, 110, 111, 114, 116, 119, 130, 132, 135, 136, 138, 141, 148, 150, 151, 153, 154, 161, 166, 167, 168, 169, 171, 173, 182, 183, 184, 185, 186], "summary": {"covered_lines": 42, "num_statements": 44, "percent_covered": 95.45454545454545, "percent_covered_display": "95", "missing_lines": 2, "excluded_lines": 0, "percent_statements_covered": 95.45454545454545, "percent_statements_covered_display": "95"}, "missing_lines": [120, 125], "excluded_lines": [], "functions": {"generate_forecast": {"executed_lines": [110, 111, 114, 116, 119, 130, 132, 135, 136, 138, 141, 148, 150, 151, 153, 154, 161, 166, 167, 168, 169, 171, 173, 182, 183, 184, 185, 186], "summary": {"covered_lines": 28, "num_statements": 30, "percent_covered": 93.33333333333333, "percent_covered_display": "93", "missing_lines": 2, "excluded_lines": 0, "percent_statements_covered": 93.33333333333333, "percent_statements_covered_display": "93"}, "missing_lines": [120, 125], "excluded_lines": [], "start_line": 89}, "": {"executed_lines": [8, 9, 10, 11, 13, 14, 15, 16, 17, 18, 20, 22, 26, 89], "summary": {"covered_lines": 14, "num_statements": 14, "percent_covered": 100.0, "percent_covered_display": "100", "missing_lines": 0, "excluded_lines": 0, "percent_statements_covered": 100.0, "percent_statements_covered_display": "100"}, "missing_lines": [], "excluded_lines": [], "start_line": 1}}, "classes": {"": {"executed_lines": [8, 9, 10, 11, 13, 14, 15, 16, 17, 18, 20, 22, 26, 89, 110, 111, 114, 116, 119, 130, 132, 135, 136, 138, 141, 148, 150, 151, 153, 154, 161, 166, 167, 168, 169, 171, 173, 182, 183, 184, 185, 186], "summary": {"covered_lines": 42, "num_statements": 44, "percent_covered": 95.45454545454545, "percent_covered_display": "95", "missing_lines": 2, "excluded_lines": 0, "percent_statements_covered": 95.45454545454545, "percent_statements_covered_display": "95"}, "missing_lines": [120, 125], "excluded_lines": [], "start_line": 1}}}, "src/api/routes/zones.py": {"executed_lines": [8, 9, 10, 11, 12, 14, 20, 21, 22, 23, 24, 26, 27, 29, 32, 46, 48, 51, 54, 57, 68, 71, 84, 93, 167, 210, 213, 222, 223, 224, 225, 230, 233, 241, 247, 248, 258, 259, 260, 261, 265, 275, 278, 279, 280, 281, 284, 285, 287, 308, 313, 320, 327, 344, 346, 348, 349, 354, 355, 362, 396, 421, 424, 425, 440, 443, 444, 445, 446, 451, 453, 454, 460, 462, 467, 468, 473, 474, 479, 480, 482, 487, 489, 496, 498, 500, 501], "summary": {"covered_lines": 87, "num_statements": 108, "percent_covered": 80.55555555555556, "percent_covered_display": "81", "missing_lines": 21, "excluded_lines": 0, "percent_statements_covered": 80.55555555555556, "percent_statements_covered_display": "81"}, "missing_lines": [49, 52, 234, 235, 243, 244, 245, 262, 282, 288, 293, 304, 305, 426, 427, 433, 434, 502, 503, 509, 510], "excluded_lines": [], "functions": {"_sanitize_zone_id": {"executed_lines": [46, 48, 51, 54], "summary": {"covered_lines": 4, "num_statements": 6, "percent_covered": 66.66666666666667, "percent_covered_display": "67", "missing_lines": 2, "excluded_lines": 0, "percent_statements_covered": 66.66666666666667, "percent_statements_covered_display": "67"}, "missing_lines": [49, 52], "excluded_lines": [], "start_line": 32}, "_convert_to_geojson_feature": {"executed_lines": [68, 71, 84], "summary": {"covered_lines": 3, "num_statements": 3, "percent_covered": 100.0, "percent_covered_display": "100", "missing_lines": 0, "excluded_lines": 0, "percent_statements_covered": 100.0, "percent_statements_covered_display": "100"}, "missing_lines": [], "excluded_lines": [], "start_line": 57}, "get_sponge_zones": {"executed_lines": [210, 213, 222, 223, 224, 225, 230, 233, 241, 247, 248, 258, 259, 260, 261, 265, 275, 278, 279, 280, 281, 284, 285, 287, 308, 313, 320, 327, 344, 346, 348, 349, 354, 355], "summary": {"covered_lines": 34, "num_statements": 45, "percent_covered": 75.55555555555556, "percent_covered_display": "76", "missing_lines": 11, "excluded_lines": 0, "percent_statements_covered": 75.55555555555556, "percent_statements_covered_display": "76"}, "missing_lines": [234, 235, 243, 244, 245, 262, 282, 288, 293, 304, 305], "excluded_lines": [], "start_line": 167}, "get_zone_details": {"executed_lines": [421, 424, 425, 440, 443, 444, 445, 446, 451, 453, 454, 460, 462, 467, 468, 473, 474, 479, 480, 482, 487, 489, 496, 498, 500, 501], "summary": {"covered_lines": 26, "num_statements": 34, "percent_covered": 76.47058823529412, "percent_covered_display": "76", "missing_lines": 8, "excluded_lines": 0, "percent_statements_covered": 76.47058823529412, "percent_statements_covered_display": "76"}, "missing_lines": [426, 427, 433, 434, 502, 503, 509, 510], "excluded_lines": [], "start_line": 396}, "": {"executed_lines": [8, 9, 10, 11, 12, 14, 20, 21, 22, 23, 24, 26, 27, 29, 32, 57, 93, 167, 362, 396], "summary": {"covered_lines": 20, "num_statements": 20, "percent_covered": 100.0, "percent_covered_display": "100", "missing_lines": 0, "excluded_lines": 0, "percent_statements_covered": 100.0, "percent_statements_covered_display": "100"}, "missing_lines": [], "excluded_lines": [], "start_line": 1}}, "classes": {"": {"executed_lines": [8, 9, 10, 11, 12, 14, 20, 21, 22, 23, 24, 26, 27, 29, 32, 46, 48, 51, 54, 57, 68, 71, 84, 93, 167, 210, 213, 222, 223, 224, 225, 230, 233, 241, 247, 248, 258, 259, 260, 261, 265, 275, 278, 279, 280, 281, 284, 285, 287, 308, 313, 320, 327, 344, 346, 348, 349, 354, 355, 362, 396, 421, 424, 425, 440, 443, 444, 445, 446, 451, 453, 454, 460, 462, 467, 468, 473, 474, 479, 480, 482, 487, 489, 496, 498, 500, 501], "summary": {"covered_lines": 87, "num_statements": 108, "percent_covered": 80.55555555555556, "percent_covered_display": "81", "missing_lines": 21, "excluded_lines": 0, "percent_statements_covered": 80.55555555555556, "percent_statements_covered_display": "81"}, "missing_lines": [49, 52, 234, 235, 243, 244, 245, 262, 282, 288, 293, 304, 305, 426, 427, 433, 434, 502, 503, 509, 510], "excluded_lines": [], "start_line": 1}}}, "src/middleware/__init__.py": {"executed_lines": [4, 5, 7], "summary": {"covered_lines": 3, "num_statements": 3, "percent_covered": 100.0, "percent_covered_display": "100", "missing_lines": 0, "excluded_lines": 0, "percent_statements_covered": 100.0, "percent_statements_covered_display": "100"}, "missing_lines": [], "excluded_lines": [], "functions": {"": {"executed_lines": [4, 5, 7], "summary": {"covered_lines": 3, "num_statements": 3, "percent_covered": 100.0, "percent_covered_display": "100", "missing_lines": 0, "excluded_lines": 0, "percent_statements_covered": 100.0, "percent_statements_covered_display": "100"}, "missing_lines": [], "excluded_lines": [], "start_line": 1}}, "classes": {"": {"executed_lines": [4, 5, 7], "summary": {"covered_lines": 3, "num_statements": 3, "percent_covered": 100.0, "percent_covered_display": "100", "missing_lines": 0, "excluded_lines": 0, "percent_statements_covered": 100.0, "percent_statements_covered_display": "100"}, "missing_lines": [], "excluded_lines": [], "start_line": 1}}}, "src/middleware/auth.py": {"executed_lines": [7, 8, 9, 10, 11, 12, 13, 15, 18, 21, 22, 25, 27, 28, 33, 48, 49, 51, 54, 61, 63, 76, 77, 78, 85, 86, 94, 95, 97, 98, 99, 104, 105, 106, 114, 131, 132, 133, 139, 140, 147, 151, 171, 184, 185, 186, 188, 190, 191, 194, 201, 202, 203, 204], "summary": {"covered_lines": 54, "num_statements": 65, "percent_covered": 83.07692307692308, "percent_covered_display": "83", "missing_lines": 11, "excluded_lines": 0, "percent_statements_covered": 83.07692307692308, "percent_statements_covered_display": "83"}, "missing_lines": [30, 55, 56, 87, 88, 141, 164, 165, 167, 168, 192], "excluded_lines": [], "functions": {"verify_jwt_token": {"executed_lines": [48, 49, 51, 54, 61, 63, 76, 77, 78, 85, 86, 94, 95, 97, 98, 99, 104, 105, 106], "summary": {"covered_lines": 19, "num_statements": 23, "percent_covered": 82.6086956521739, "percent_covered_display": "83", "missing_lines": 4, "excluded_lines": 0, "percent_statements_covered": 82.6086956521739, "percent_statements_covered_display": "83"}, "missing_lines": [55, 56, 87, 88], "excluded_lines": [], "start_line": 33}, "get_current_user": {"executed_lines": [131, 132, 133, 139, 140, 147], "summary": {"covered_lines": 6, "num_statements": 7, "percent_covered": 85.71428571428571, "percent_covered_display": "86", "missing_lines": 1, "excluded_lines": 0, "percent_statements_covered": 85.71428571428571, "percent_statements_covered_display": "86"}, "missing_lines": [141], "excluded_lines": [], "start_line": 114}, "require_auth": {"executed_lines": [], "summary": {"covered_lines": 0, "num_statements": 3, "percent_covered": 0.0, "percent_covered_display": "0", "missing_lines": 3, "excluded_lines": 0, "percent_statements_covered": 0.0, "percent_statements_covered_display": "0"}, "missing_lines": [164, 165, 168], "excluded_lines": [], "start_line": 151}, "require_auth.wrapper": {"executed_lines": [], "summary": {"covered_lines": 0, "num_statements": 1, "percent_covered": 0.0, "percent_covered_display": "0", "missing_lines": 1, "excluded_lines": 0, "percent_statements_covered": 0.0, "percent_statements_covered_display": "0"}, "missing_lines": [167], "excluded_lines": [], "start_line": 165}, "get_user_id_from_token": {"executed_lines": [184, 185, 186, 188, 190, 191, 194, 201, 202, 203, 204], "summary": {"covered_lines": 11, "num_statements": 12, "percent_covered": 91.66666666666667, "percent_covered_display": "92", "missing_lines": 1, "excluded_lines": 0, "percent_statements_covered": 91.66666666666667, "percent_statements_covered_display": "92"}, "missing_lines": [192], "excluded_lines": [], "start_line": 171}, "": {"executed_lines": [7, 8, 9, 10, 11, 12, 13, 15, 18, 21, 22, 25, 27, 28, 33, 114, 151, 171], "summary": {"covered_lines": 18, "num_statements": 19, "percent_covered": 94.73684210526316, "percent_covered_display": "95", "missing_lines": 1, "excluded_lines": 0, "percent_statements_covered": 94.73684210526316, "percent_statements_covered_display": "95"}, "missing_lines": [30], "excluded_lines": [], "start_line": 1}}, "classes": {"": {"executed_lines": [7, 8, 9, 10, 11, 12, 13, 15, 18, 21, 22, 25, 27, 28, 33, 48, 49, 51, 54, 61, 63, 76, 77, 78, 85, 86, 94, 95, 97, 98, 99, 104, 105, 106, 114, 131, 132, 133, 139, 140, 147, 151, 171, 184, 185, 186, 188, 190, 191, 194, 201, 202, 203, 204], "summary": {"covered_lines": 54, "num_statements": 65, "percent_covered": 83.07692307692308, "percent_covered_display": "83", "missing_lines": 11, "excluded_lines": 0, "percent_statements_covered": 83.07692307692308, "percent_statements_covered_display": "83"}, "missing_lines": [30, 55, 56, 87, 88, 141, 164, 165, 167, 168, 192], "excluded_lines": [], "start_line": 1}}}, "src/middleware/rate_limit.py": {"executed_lines": [7, 8, 9, 10, 11, 12, 13, 15, 18, 19, 22, 30, 38, 39, 41, 42, 43, 45, 50, 51, 52, 54, 59, 60, 62, 63, 64, 66, 77, 80, 83, 86, 88, 89, 92, 93, 96, 97, 99, 106, 107, 111, 113, 117, 120, 133, 134, 137, 139, 140, 141, 144, 147, 166, 169, 171, 172, 173, 188, 191, 192, 194, 198], "summary": {"covered_lines": 63, "num_statements": 74, "percent_covered": 85.13513513513513, "percent_covered_display": "85", "missing_lines": 11, "excluded_lines": 0, "percent_statements_covered": 85.13513513513513, "percent_statements_covered_display": "85"}, "missing_lines": [213, 214, 215, 216, 217, 219, 220, 224, 233, 234, 235], "excluded_lines": [], "functions": {"RateLimiter.__init__": {"executed_lines": [38, 39, 41, 42, 43], "summary": {"covered_lines": 5, "num_statements": 5, "percent_covered": 100.0, "percent_covered_display": "100", "missing_lines": 0, "excluded_lines": 0, "percent_statements_covered": 100.0, "percent_statements_covered_display": "100"}, "missing_lines": [], "excluded_lines": [], "start_line": 30}, "RateLimiter._cleanup_old_entries": {"executed_lines": [50, 51, 52, 54, 59, 60, 62, 63, 64], "summary": {"covered_lines": 9, "num_statements": 9, "percent_covered": 100.0, "percent_covered_display": "100", "missing_lines": 0, "excluded_lines": 0, "percent_statements_covered": 100.0, "percent_statements_covered_display": "100"}, "missing_lines": [], "excluded_lines": [], "start_line": 45}, "RateLimiter.check_rate_limit": {"executed_lines": [77, 80, 83, 86, 88, 89, 92, 93, 96, 97, 99, 106, 107, 111, 113], "summary": {"covered_lines": 15, "num_statements": 15, "percent_covered": 100.0, "percent_covered_display": "100", "missing_lines": 0, "excluded_lines": 0, "percent_statements_covered": 100.0, "percent_statements_covered_display": "100"}, "missing_lines": [], "excluded_lines": [], "start_line": 66}, "get_client_ip": {"executed_lines": [133, 134, 137, 139, 140, 141, 144], "summary": {"covered_lines": 7, "num_statements": 7, "percent_covered": 100.0, "percent_covered_display": "100", "missing_lines": 0, "excluded_lines": 0, "percent_statements_covered": 100.0, "percent_statements_covered_display": "100"}, "missing_lines": [], "excluded_lines": [], "start_line": 120}, "rate_limit_middleware": {"executed_lines": [166, 169, 171, 172, 173, 188, 191, 192, 194], "summary": {"covered_lines": 9, "num_statements": 9, "percent_covered": 100.0, "percent_covered_display": "100", "missing_lines": 0, "excluded_lines": 0, "percent_statements_covered": 100.0, "percent_statements_covered_display": "100"}, "missing_lines": [], "excluded_lines": [], "start_line": 147}, "rate_limit": {"executed_lines": [], "summary": {"covered_lines": 0, "num_statements": 3, "percent_covered": 0.0, "percent_covered_display": "0", "missing_lines": 3, "excluded_lines": 0, "percent_statements_covered": 0.0, "percent_statements_covered_display": "0"}, "missing_lines": [213, 214, 235], "excluded_lines": [], "start_line": 198}, "rate_limit.decorator": {"executed_lines": [], "summary": {"covered_lines": 0, "num_statements": 2, "percent_covered": 0.0, "percent_covered_display": "0", "missing_lines": 2, "excluded_lines": 0, "percent_statements_covered": 0.0, "percent_statements_covered_display": "0"}, "missing_lines": [215, 234], "excluded_lines": [], "start_line": 213}, "rate_limit.decorator.wrapper": {"executed_lines": [], "summary": {"covered_lines": 0, "num_statements": 6, "percent_covered": 0.0, "percent_covered_display": "0", "missing_lines": 6, "excluded_lines": 0, "percent_statements_covered": 0.0, "percent_statements_covered_display": "0"}, "missing_lines": [216, 217, 219, 220, 224, 233], "excluded_lines": [], "start_line": 215}, "": {"executed_lines": [7, 8, 9, 10, 11, 12, 13, 15, 18, 19, 22, 30, 45, 66, 117, 120, 147, 198], "summary": {"covered_lines": 18, "num_statements": 18, "percent_covered": 100.0, "percent_covered_display": "100", "missing_lines": 0, "excluded_lines": 0, "percent_statements_covered": 100.0, "percent_statements_covered_display": "100"}, "missing_lines": [], "excluded_lines": [], "start_line": 1}}, "classes": {"RateLimiter": {"executed_lines": [38, 39, 41, 42, 43, 50, 51, 52, 54, 59, 60, 62, 63, 64, 77, 80, 83, 86, 88, 89, 92, 93, 96, 97, 99, 106, 107, 111, 113], "summary": {"covered_lines": 29, "num_statements": 29, "percent_covered": 100.0, "percent_covered_display": "100", "missing_lines": 0, "excluded_lines": 0, "percent_statements_covered": 100.0, "percent_statements_covered_display": "100"}, "missing_lines": [], "excluded_lines": [], "start_line": 22}, "": {"executed_lines": [7, 8, 9, 10, 11, 12, 13, 15, 18, 19, 22, 30, 45, 66, 117, 120, 133, 134, 137, 139, 140, 141, 144, 147, 166, 169, 171, 172, 173, 188, 191, 192, 194, 198], "summary": {"covered_lines": 34, "num_statements": 45, "percent_covered": 75.55555555555556, "percent_covered_display": "76", "missing_lines": 11, "excluded_lines": 0, "percent_statements_covered": 75.55555555555556, "percent_statements_covered_display": "76"}, "missing_lines": [213, 214, 215, 216, 217, 219, 220, 224, 233, 234, 235], "excluded_lines": [], "start_line": 1}}}, "src/ml/__init__.py": {"executed_lines": [7, 9], "summary": {"covered_lines": 2, "num_statements": 2, "percent_covered": 100.0, "percent_covered_display": "100", "missing_lines": 0, "excluded_lines": 0, "percent_statements_covered": 100.0, "percent_statements_covered_display": "100"}, "missing_lines": [], "excluded_lines": [], "functions": {"": {"executed_lines": [7, 9], "summary": {"covered_lines": 2, "num_statements": 2, "percent_covered": 100.0, "percent_covered_display": "100", "missing_lines": 0, "excluded_lines": 0, "percent_statements_covered": 100.0, "percent_statements_covered_display": "100"}, "missing_lines": [], "excluded_lines": [], "start_line": 1}}, "classes": {"": {"executed_lines": [7, 9], "summary": {"covered_lines": 2, "num_statements": 2, "percent_covered": 100.0, "percent_covered_display": "100", "missing_lines": 0, "excluded_lines": 0, "percent_statements_covered": 100.0, "percent_statements_covered_display": "100"}, "missing_lines": [], "excluded_lines": [], "start_line": 1}}}, "src/ml/model_loader.py": {"executed_lines": [12, 13, 14, 16, 19, 20, 23, 62, 100, 143], "summary": {"covered_lines": 10, "num_statements": 38, "percent_covered": 26.31578947368421, "percent_covered_display": "26", "missing_lines": 28, "excluded_lines": 0, "percent_statements_covered": 26.31578947368421, "percent_statements_covered_display": "26"}, "missing_lines": [45, 46, 48, 49, 51, 52, 55, 56, 58, 59, 83, 84, 86, 87, 89, 90, 93, 94, 96, 97, 129, 131, 132, 135, 138, 139, 165, 166], "excluded_lines": [], "functions": {"load_lstm_model": {"executed_lines": [], "summary": {"covered_lines": 0, "num_statements": 10, "percent_covered": 0.0, "percent_covered_display": "0", "missing_lines": 10, "excluded_lines": 0, "percent_statements_covered": 0.0, "percent_statements_covered_display": "0"}, "missing_lines": [45, 46, 48, 49, 51, 52, 55, 56, 58, 59], "excluded_lines": [], "start_line": 23}, "load_unet_model": {"executed_lines": [], "summary": {"covered_lines": 0, "num_statements": 10, "percent_covered": 0.0, "percent_covered_display": "0", "missing_lines": 10, "excluded_lines": 0, "percent_statements_covered": 0.0, "percent_statements_covered_display": "0"}, "missing_lines": [83, 84, 86, 87, 89, 90, 93, 94, 96, 97], "excluded_lines": [], "start_line": 62}, "predict_flood_risk": {"executed_lines": [], "summary": {"covered_lines": 0, "num_statements": 6, "percent_covered": 0.0, "percent_covered_display": "0", "missing_lines": 6, "excluded_lines": 0, "percent_statements_covered": 0.0, "percent_statements_covered_display": "0"}, "missing_lines": [129, 131, 132, 135, 138, 139], "excluded_lines": [], "start_line": 100}, "save_uploaded_model": {"executed_lines": [], "summary": {"covered_lines": 0, "num_statements": 2, "percent_covered": 0.0, "percent_covered_display": "0", "missing_lines": 2, "excluded_lines": 0, "percent_statements_covered": 0.0, "percent_statements_covered_display": "0"}, "missing_lines": [165, 166], "excluded_lines": [], "start_line": 143}, "": {"executed_lines": [12, 13, 14, 16, 19, 20, 23, 62, 100, 143], "summary": {"covered_lines": 10, "num_statements": 10, "percent_covered": 100.0, "percent_covered_display": "100", "missing_lines": 0, "excluded_lines": 0, "percent_statements_covered": 100.0, "percent_statements_covered_display": "100"}, "missing_lines": [], "excluded_lines": [], "start_line": 1}}, "classes": {"": {"executed_lines": [12, 13, 14, 16, 19, 20, 23, 62, 100, 143], "summary": {"covered_lines": 10, "num_statements": 38, "percent_covered": 26.31578947368421, "percent_covered_display": "26", "missing_lines": 28, "excluded_lines": 0, "percent_statements_covered": 26.31578947368421, "percent_statements_covered_display": "26"}, "missing_lines": [45, 46, 48, 49, 51, 52, 55, 56, 58, 59, 83, 84, 86, 87, 89, 90, 93, 94, 96, 97, 129, 131, 132, 135, 138, 139, 165, 166], "excluded_lines": [], "start_line": 1}}}, "src/schemas/__init__.py": {"executed_lines": [4, 5, 6, 8], "summary": {"covered_lines": 4, "num_statements": 4, "percent_covered": 100.0, "percent_covered_display": "100", "missing_lines": 0, "excluded_lines": 0, "percent_statements_covered": 100.0, "percent_statements_covered_display": "100"}, "missing_lines": [], "excluded_lines": [], "functions": {"": {"executed_lines": [4, 5, 6, 8], "summary": {"covered_lines": 4, "num_statements": 4, "percent_covered": 100.0, "percent_covered_display": "100", "missing_lines": 0, "excluded_lines": 0, "percent_statements_covered": 100.0, "percent_statements_covered_display": "100"}, "missing_lines": [], "excluded_lines": [], "start_line": 1}}, "classes": {"": {"executed_lines": [4, 5, 6, 8], "summary": {"covered_lines": 4, "num_statements": 4, "percent_covered": 100.0, "percent_covered_display": "100", "missing_lines": 0, "excluded_lines": 0, "percent_statements_covered": 100.0, "percent_statements_covered_display": "100"}, "missing_lines": [], "excluded_lines": [], "start_line": 1}}}, "src/schemas/citywide.py": {"executed_lines": [7, 8, 9, 12, 18, 19, 23, 27, 33, 34, 35, 37, 38, 39, 40, 41, 43], "summary": {"covered_lines": 17, "num_statements": 17, "percent_covered": 100.0, "percent_covered_display": "100", "missing_lines": 0, "excluded_lines": 0, "percent_statements_covered": 100.0, "percent_statements_covered_display": "100"}, "missing_lines": [], "excluded_lines": [], "functions": {"CitywideRiskResponse.validate_data_order": {"executed_lines": [37, 38, 39, 40, 41], "summary": {"covered_lines": 5, "num_statements": 5, "percent_covered": 100.0, "percent_covered_display": "100", "missing_lines": 0, "excluded_lines": 0, "percent_statements_covered": 100.0, "percent_statements_covered_display": "100"}, "missing_lines": [], "excluded_lines": [], "start_line": 35}, "": {"executed_lines": [7, 8, 9, 12, 18, 19, 23, 27, 33, 34, 35, 43], "summary": {"covered_lines": 12, "num_statements": 12, "percent_covered": 100.0, "percent_covered_display": "100", "missing_lines": 0, "excluded_lines": 0, "percent_statements_covered": 100.0, "percent_statements_covered_display": "100"}, "missing_lines": [], "excluded_lines": [], "start_line": 1}}, "classes": {"CitywideRiskResponse": {"executed_lines": [37, 38, 39, 40, 41], "summary": {"covered_lines": 5, "num_statements": 5, "percent_covered": 100.0, "percent_covered_display": "100", "missing_lines": 0, "excluded_lines": 0, "percent_statements_covered": 100.0, "percent_statements_covered_display": "100"}, "missing_lines": [], "excluded_lines": [], "start_line": 12}, "": {"executed_lines": [7, 8, 9, 12, 18, 19, 23, 27, 33, 34, 35, 43], "summary": {"covered_lines": 12, "num_statements": 12, "percent_covered": 100.0, "percent_covered_display": "100", "missing_lines": 0, "excluded_lines": 0, "percent_statements_covered": 100.0, "percent_statements_covered_display": "100"}, "missing_lines": [], "excluded_lines": [], "start_line": 1}}}, "src/schemas/forecast.py": {"executed_lines": [7, 8, 9, 12, 20, 26, 31, 32, 33, 35, 37, 39, 41, 51, 57, 58, 64, 70, 74, 80, 86, 92, 98, 99, 101, 102, 103, 105, 106, 107, 108, 110, 125, 131, 132, 136, 140, 144, 149], "summary": {"covered_lines": 39, "num_statements": 41, "percent_covered": 95.1219512195122, "percent_covered_display": "95", "missing_lines": 2, "excluded_lines": 0, "percent_statements_covered": 95.1219512195122, "percent_statements_covered_display": "95"}, "missing_lines": [36, 38], "excluded_lines": [], "functions": {"ForecastRequest.validate_years": {"executed_lines": [35, 37, 39], "summary": {"covered_lines": 3, "num_statements": 5, "percent_covered": 60.0, "percent_covered_display": "60", "missing_lines": 2, "excluded_lines": 0, "percent_statements_covered": 60.0, "percent_statements_covered_display": "60"}, "missing_lines": [36, 38], "excluded_lines": [], "start_line": 33}, "CitywideRiskRecord.validate_risk_category": {"executed_lines": [105, 106, 107, 108], "summary": {"covered_lines": 4, "num_statements": 4, "percent_covered": 100.0, "percent_covered_display": "100", "missing_lines": 0, "excluded_lines": 0, "percent_statements_covered": 100.0, "percent_statements_covered_display": "100"}, "missing_lines": [], "excluded_lines": [], "start_line": 103}, "": {"executed_lines": [7, 8, 9, 12, 20, 26, 31, 32, 33, 41, 51, 57, 58, 64, 70, 74, 80, 86, 92, 98, 99, 101, 102, 103, 110, 125, 131, 132, 136, 140, 144, 149], "summary": {"covered_lines": 32, "num_statements": 32, "percent_covered": 100.0, "percent_covered_display": "100", "missing_lines": 0, "excluded_lines": 0, "percent_statements_covered": 100.0, "percent_statements_covered_display": "100"}, "missing_lines": [], "excluded_lines": [], "start_line": 1}}, "classes": {"ForecastRequest": {"executed_lines": [35, 37, 39], "summary": {"covered_lines": 3, "num_statements": 5, "percent_covered": 60.0, "percent_covered_display": "60", "missing_lines": 2, "excluded_lines": 0, "percent_statements_covered": 60.0, "percent_statements_covered_display": "60"}, "missing_lines": [36, 38], "excluded_lines": [], "start_line": 12}, "CitywideRiskRecord": {"executed_lines": [105, 106, 107, 108], "summary": {"covered_lines": 4, "num_statements": 4, "percent_covered": 100.0, "percent_covered_display": "100", "missing_lines": 0, "excluded_lines": 0, "percent_statements_covered": 100.0, "percent_statements_covered_display": "100"}, "missing_lines": [], "excluded_lines": [], "start_line": 51}, "ForecastResponse": {"executed_lines": [], "summary": {"covered_lines": 0, "num_statements": 0, "percent_covered": 100.0, "percent_covered_display": "100", "missing_lines": 0, "excluded_lines": 0, "percent_statements_covered": 100.0, "percent_statements_covered_display": "100"}, "missing_lines": [], "excluded_lines": [], "start_line": 125}, "": {"executed_lines": [7, 8, 9, 12, 20, 26, 31, 32, 33, 41, 51, 57, 58, 64, 70, 74, 80, 86, 92, 98, 99, 101, 102, 103, 110, 125, 131, 132, 136, 140, 144, 149], "summary": {"covered_lines": 32, "num_statements": 32, "percent_covered": 100.0, "percent_covered_display": "100", "missing_lines": 0, "excluded_lines": 0, "percent_statements_covered": 100.0, "percent_statements_covered_display": "100"}, "missing_lines": [], "excluded_lines": [], "start_line": 1}}}, "src/schemas/zone.py": {"executed_lines": [7, 8, 11, 15, 21, 27, 33, 37, 43, 49, 55, 61, 66, 72, 73, 74, 76, 77, 79, 81, 82, 83, 86, 87, 88, 91, 97, 98, 99, 103, 105, 106, 107, 109, 111, 113, 143, 149, 150, 154, 159, 160, 161, 163, 165, 167, 182, 186, 187, 191, 196], "summary": {"covered_lines": 51, "num_statements": 54, "percent_covered": 94.44444444444444, "percent_covered_display": "94", "missing_lines": 3, "excluded_lines": 0, "percent_statements_covered": 94.44444444444444, "percent_statements_covered_display": "94"}, "missing_lines": [78, 110, 164], "excluded_lines": [], "functions": {"ZoneProperties.validate_capacity_category": {"executed_lines": [76, 77, 79], "summary": {"covered_lines": 3, "num_statements": 4, "percent_covered": 75.0, "percent_covered_display": "75", "missing_lines": 1, "excluded_lines": 0, "percent_statements_covered": 75.0, "percent_statements_covered_display": "75"}, "missing_lines": [78], "excluded_lines": [], "start_line": 74}, "ZoneProperties.validate_zone_id": {"executed_lines": [86, 87, 88], "summary": {"covered_lines": 3, "num_statements": 3, "percent_covered": 100.0, "percent_covered_display": "100", "missing_lines": 0, "excluded_lines": 0, "percent_statements_covered": 100.0, "percent_statements_covered_display": "100"}, "missing_lines": [], "excluded_lines": [], "start_line": 83}, "SpongeZoneFeature.validate_type": {"executed_lines": [109, 111], "summary": {"covered_lines": 2, "num_statements": 3, "percent_covered": 66.66666666666667, "percent_covered_display": "67", "missing_lines": 1, "excluded_lines": 0, "percent_statements_covered": 66.66666666666667, "percent_statements_covered_display": "67"}, "missing_lines": [110], "excluded_lines": [], "start_line": 107}, "SpongeZoneCollection.validate_type": {"executed_lines": [163, 165], "summary": {"covered_lines": 2, "num_statements": 3, "percent_covered": 66.66666666666667, "percent_covered_display": "67", "missing_lines": 1, "excluded_lines": 0, "percent_statements_covered": 66.66666666666667, "percent_statements_covered_display": "67"}, "missing_lines": [164], "excluded_lines": [], "start_line": 161}, "": {"executed_lines": [7, 8, 11, 15, 21, 27, 33, 37, 43, 49, 55, 61, 66, 72, 73, 74, 81, 82, 83, 91, 97, 98, 99, 103, 105, 106, 107, 113, 143, 149, 150, 154, 159, 160, 161, 167, 182, 186, 187, 191, 196], "summary": {"covered_lines": 41, "num_statements": 41, "percent_covered": 100.0, "percent_covered_display": "100", "missing_lines": 0, "excluded_lines": 0, "percent_statements_covered": 100.0, "percent_statements_covered_display": "100"}, "missing_lines": [], "excluded_lines": [], "start_line": 1}}, "classes": {"ZoneProperties": {"executed_lines": [76, 77, 79, 86, 87, 88], "summary": {"covered_lines": 6, "num_statements": 7, "percent_covered": 85.71428571428571, "percent_covered_display": "86", "missing_lines": 1, "excluded_lines": 0, "percent_statements_covered": 85.71428571428571, "percent_statements_covered_display": "86"}, "missing_lines": [78], "excluded_lines": [], "start_line": 11}, "SpongeZoneFeature": {"executed_lines": [109, 111], "summary": {"covered_lines": 2, "num_statements": 3, "percent_covered": 66.66666666666667, "percent_covered_display": "67", "missing_lines": 1, "excluded_lines": 0, "percent_statements_covered": 66.66666666666667, "percent_statements_covered_display": "67"}, "missing_lines": [110], "excluded_lines": [], "start_line": 91}, "SpongeZoneCollection": {"executed_lines": [163, 165], "summary": {"covered_lines": 2, "num_statements": 3, "percent_covered": 66.66666666666667, "percent_covered_display": "67", "missing_lines": 1, "excluded_lines": 0, "percent_statements_covered": 66.66666666666667, "percent_statements_covered_display": "67"}, "missing_lines": [164], "excluded_lines": [], "start_line": 143}, "ZoneDetailResponse": {"executed_lines": [], "summary": {"covered_lines": 0, "num_statements": 0, "percent_covered": 100.0, "percent_covered_display": "100", "missing_lines": 0, "excluded_lines": 0, "percent_statements_covered": 100.0, "percent_statements_covered_display": "100"}, "missing_lines": [], "excluded_lines": [], "start_line": 182}, "": {"executed_lines": [7, 8, 11, 15, 21, 27, 33, 37, 43, 49, 55, 61, 66, 72, 73, 74, 81, 82, 83, 91, 97, 98, 99, 103, 105, 106, 107, 113, 143, 149, 150, 154, 159, 160, 161, 167, 182, 186, 187, 191, 196], "summary": {"covered_lines": 41, "num_statements": 41, "percent_covered": 100.0, "percent_covered_display": "100", "missing_lines": 0, "excluded_lines": 0, "percent_statements_covered": 100.0, "percent_statements_covered_display": "100"}, "missing_lines": [], "excluded_lines": [], "start_line": 1}}}, "src/utils/cache.py": {"executed_lines": [9, 10, 11, 12, 13, 14, 15, 17, 20, 25, 33, 34, 36, 38, 41, 52, 54, 55, 56, 57, 59, 64, 65, 66, 81, 91, 93, 94, 96, 97, 98, 100, 101, 102, 103, 105, 106, 108, 117, 118, 119, 121, 128, 129, 130, 131, 133, 140, 141, 146, 147, 149, 150, 152, 154, 155, 156, 157, 159, 166, 167, 168, 173, 181, 184, 191, 194, 206, 207, 210, 212, 216, 232, 233, 234, 252, 253, 257, 273, 274], "summary": {"covered_lines": 80, "num_statements": 95, "percent_covered": 84.21052631578948, "percent_covered_display": "84", "missing_lines": 15, "excluded_lines": 0, "percent_statements_covered": 84.21052631578948, "percent_statements_covered_display": "84"}, "missing_lines": [68, 69, 74, 75, 77, 78, 79, 236, 239, 240, 241, 242, 245, 248, 250], "excluded_lines": [], "functions": {"CacheEntry.__init__": {"executed_lines": [33, 34], "summary": {"covered_lines": 2, "num_statements": 2, "percent_covered": 100.0, "percent_covered_display": "100", "missing_lines": 0, "excluded_lines": 0, "percent_statements_covered": 100.0, "percent_statements_covered_display": "100"}, "missing_lines": [], "excluded_lines": [], "start_line": 25}, "CacheEntry.is_expired": {"executed_lines": [38], "summary": {"covered_lines": 1, "num_statements": 1, "percent_covered": 100.0, "percent_covered_display": "100", "missing_lines": 0, "excluded_lines": 0, "percent_statements_covered": 100.0, "percent_statements_covered_display": "100"}, "missing_lines": [], "excluded_lines": [], "start_line": 36}, "InMemoryCache.__init__": {"executed_lines": [54, 55, 56, 57], "summary": {"covered_lines": 4, "num_statements": 4, "percent_covered": 100.0, "percent_covered_display": "100", "missing_lines": 0, "excluded_lines": 0, "percent_statements_covered": 100.0, "percent_statements_covered_display": "100"}, "missing_lines": [], "excluded_lines": [], "start_line": 52}, "InMemoryCache._cleanup_expired": {"executed_lines": [64, 65, 66], "summary": {"covered_lines": 3, "num_statements": 10, "percent_covered": 30.0, "percent_covered_display": "30", "missing_lines": 7, "excluded_lines": 0, "percent_statements_covered": 30.0, "percent_statements_covered_display": "30"}, "missing_lines": [68, 69, 74, 75, 77, 78, 79], "excluded_lines": [], "start_line": 59}, "InMemoryCache.get": {"executed_lines": [91, 93, 94, 96, 97, 98, 100, 101, 102, 103, 105, 106], "summary": {"covered_lines": 12, "num_statements": 12, "percent_covered": 100.0, "percent_covered_display": "100", "missing_lines": 0, "excluded_lines": 0, "percent_statements_covered": 100.0, "percent_statements_covered_display": "100"}, "missing_lines": [], "excluded_lines": [], "start_line": 81}, "InMemoryCache.set": {"executed_lines": [117, 118, 119], "summary": {"covered_lines": 3, "num_statements": 3, "percent_covered": 100.0, "percent_covered_display": "100", "missing_lines": 0, "excluded_lines": 0, "percent_statements_covered": 100.0, "percent_statements_covered_display": "100"}, "missing_lines": [], "excluded_lines": [], "start_line": 108}, "InMemoryCache.invalidate": {"executed_lines": [128, 129, 130, 131], "summary": {"covered_lines": 4, "num_statements": 4, "percent_covered": 100.0, "percent_covered_display": "100", "missing_lines": 0, "excluded_lines": 0, "percent_statements_covered": 100.0, "percent_statements_covered_display": "100"}, "missing_lines": [], "excluded_lines": [], "start_line": 121}, "InMemoryCache.invalidate_pattern": {"executed_lines": [140, 141, 146, 147, 149, 150], "summary": {"covered_lines": 6, "num_statements": 6, "percent_covered": 100.0, "percent_covered_display": "100", "missing_lines": 0, "excluded_lines": 0, "percent_statements_covered": 100.0, "percent_statements_covered_display": "100"}, "missing_lines": [], "excluded_lines": [], "start_line": 133}, "InMemoryCache.clear": {"executed_lines": [154, 155, 156, 157], "summary": {"covered_lines": 4, "num_statements": 4, "percent_covered": 100.0, "percent_covered_display": "100", "missing_lines": 0, "excluded_lines": 0, "percent_statements_covered": 100.0, "percent_statements_covered_display": "100"}, "missing_lines": [], "excluded_lines": [], "start_line": 152}, "InMemoryCache.stats": {"executed_lines": [166, 167, 168, 173], "summary": {"covered_lines": 4, "num_statements": 4, "percent_covered": 100.0, "percent_covered_display": "100", "missing_lines": 0, "excluded_lines": 0, "percent_statements_covered": 100.0, "percent_statements_covered_display": "100"}, "missing_lines": [], "excluded_lines": [], "start_line": 159}, "get_cache": {"executed_lines": [191], "summary": {"covered_lines": 1, "num_statements": 1, "percent_covered": 100.0, "percent_covered_display": "100", "missing_lines": 0, "excluded_lines": 0, "percent_statements_covered": 100.0, "percent_statements_covered_display": "100"}, "missing_lines": [], "excluded_lines": [], "start_line": 184}, "generate_cache_key": {"executed_lines": [206, 207, 210, 212], "summary": {"covered_lines": 4, "num_statements": 4, "percent_covered": 100.0, "percent_covered_display": "100", "missing_lines": 0, "excluded_lines": 0, "percent_statements_covered": 100.0, "percent_statements_covered_display": "100"}, "missing_lines": [], "excluded_lines": [], "start_line": 194}, "cached": {"executed_lines": [232, 233, 253], "summary": {"covered_lines": 3, "num_statements": 3, "percent_covered": 100.0, "percent_covered_display": "100", "missing_lines": 0, "excluded_lines": 0, "percent_statements_covered": 100.0, "percent_statements_covered_display": "100"}, "missing_lines": [], "excluded_lines": [], "start_line": 216}, "cached.decorator": {"executed_lines": [234, 252], "summary": {"covered_lines": 2, "num_statements": 2, "percent_covered": 100.0, "percent_covered_display": "100", "missing_lines": 0, "excluded_lines": 0, "percent_statements_covered": 100.0, "percent_statements_covered_display": "100"}, "missing_lines": [], "excluded_lines": [], "start_line": 232}, "cached.decorator.wrapper": {"executed_lines": [], "summary": {"covered_lines": 0, "num_statements": 8, "percent_covered": 0.0, "percent_covered_display": "0", "missing_lines": 8, "excluded_lines": 0, "percent_statements_covered": 0.0, "percent_statements_covered_display": "0"}, "missing_lines": [236, 239, 240, 241, 242, 245, 248, 250], "excluded_lines": [], "start_line": 234}, "invalidate_cache": {"executed_lines": [273, 274], "summary": {"covered_lines": 2, "num_statements": 2, "percent_covered": 100.0, "percent_covered_display": "100", "missing_lines": 0, "excluded_lines": 0, "percent_statements_covered": 100.0, "percent_statements_covered_display": "100"}, "missing_lines": [], "excluded_lines": [], "start_line": 257}, "": {"executed_lines": [9, 10, 11, 12, 13, 14, 15, 17, 20, 25, 36, 41, 52, 59, 81, 108, 121, 133, 152, 159, 181, 184, 194, 216, 257], "summary": {"covered_lines": 25, "num_statements": 25, "percent_covered": 100.0, "percent_covered_display": "100", "missing_lines": 0, "excluded_lines": 0, "percent_statements_covered": 100.0, "percent_statements_covered_display": "100"}, "missing_lines": [], "excluded_lines": [], "start_line": 1}}, "classes": {"CacheEntry": {"executed_lines": [33, 34, 38], "summary": {"covered_lines": 3, "num_statements": 3, "percent_covered": 100.0, "percent_covered_display": "100", "missing_lines": 0, "excluded_lines": 0, "percent_statements_covered": 100.0, "percent_statements_covered_display": "100"}, "missing_lines": [], "excluded_lines": [], "start_line": 20}, "InMemoryCache": {"executed_lines": [54, 55, 56, 57, 64, 65, 66, 91, 93, 94, 96, 97, 98, 100, 101, 102, 103, 105, 106, 117, 118, 119, 128, 129, 130, 131, 140, 141, 146, 147, 149, 150, 154, 155, 156, 157, 166, 167, 168, 173], "summary": {"covered_lines": 40, "num_statements": 47, "percent_covered": 85.1063829787234, "percent_covered_display": "85", "missing_lines": 7, "excluded_lines": 0, "percent_statements_covered": 85.1063829787234, "percent_statements_covered_display": "85"}, "missing_lines": [68, 69, 74, 75, 77, 78, 79], "excluded_lines": [], "start_line": 41}, "": {"executed_lines": [9, 10, 11, 12, 13, 14, 15, 17, 20, 25, 36, 41, 52, 59, 81, 108, 121, 133, 152, 159, 181, 184, 191, 194, 206, 207, 210, 212, 216, 232, 233, 234, 252, 253, 257, 273, 274], "summary": {"covered_lines": 37, "num_statements": 45, "percent_covered": 82.22222222222223, "percent_covered_display": "82", "missing_lines": 8, "excluded_lines": 0, "percent_statements_covered": 82.22222222222223, "percent_statements_covered_display": "82"}, "missing_lines": [236, 239, 240, 241, 242, 245, 248, 250], "excluded_lines": [], "start_line": 1}}}, "src/utils/pagination.py": {"executed_lines": [7, 8, 9, 11, 13, 16, 23, 29, 36, 43, 44, 45, 46, 50, 69, 73, 76, 77, 78, 80, 81, 83, 95, 100, 107, 130], "summary": {"covered_lines": 26, "num_statements": 31, "percent_covered": 83.87096774193549, "percent_covered_display": "84", "missing_lines": 5, "excluded_lines": 0, "percent_statements_covered": 83.87096774193549, "percent_statements_covered_display": "84"}, "missing_lines": [70, 126, 142, 145, 147], "excluded_lines": [], "functions": {"paginate_results": {"executed_lines": [69, 73, 76, 77, 78, 80, 81, 83, 95, 100], "summary": {"covered_lines": 10, "num_statements": 11, "percent_covered": 90.9090909090909, "percent_covered_display": "91", "missing_lines": 1, "excluded_lines": 0, "percent_statements_covered": 90.9090909090909, "percent_statements_covered_display": "91"}, "missing_lines": [70], "excluded_lines": [], "start_line": 50}, "build_supabase_pagination_query": {"executed_lines": [], "summary": {"covered_lines": 0, "num_statements": 1, "percent_covered": 0.0, "percent_covered_display": "0", "missing_lines": 1, "excluded_lines": 0, "percent_statements_covered": 0.0, "percent_statements_covered_display": "0"}, "missing_lines": [126], "excluded_lines": [], "start_line": 107}, "validate_pagination_params": {"executed_lines": [], "summary": {"covered_lines": 0, "num_statements": 3, "percent_covered": 0.0, "percent_covered_display": "0", "missing_lines": 3, "excluded_lines": 0, "percent_statements_covered": 0.0, "percent_statements_covered_display": "0"}, "missing_lines": [142, 145, 147], "excluded_lines": [], "start_line": 130}, "": {"executed_lines": [7, 8, 9, 11, 13, 16, 23, 29, 36, 43, 44, 45, 46, 50, 107, 130], "summary": {"covered_lines": 16, "num_statements": 16, "percent_covered": 100.0, "percent_covered_display": "100", "missing_lines": 0, "excluded_lines": 0, "percent_statements_covered": 100.0, "percent_statements_covered_display": "100"}, "missing_lines": [], "excluded_lines": [], "start_line": 1}}, "classes": {"PaginationParams": {"executed_lines": [], "summary": {"covered_lines": 0, "num_statements": 0, "percent_covered": 100.0, "percent_covered_display": "100", "missing_lines": 0, "excluded_lines": 0, "percent_statements_covered": 100.0, "percent_statements_covered_display": "100"}, "missing_lines": [], "excluded_lines": [], "start_line": 16}, "PaginatedResponse": {"executed_lines": [], "summary": {"covered_lines": 0, "num_statements": 0, "percent_covered": 100.0, "percent_covered_display": "100", "missing_lines": 0, "excluded_lines": 0, "percent_statements_covered": 100.0, "percent_statements_covered_display": "100"}, "missing_lines": [], "excluded_lines": [], "start_line": 36}, "": {"executed_lines": [7, 8, 9, 11, 13, 16, 23, 29, 36, 43, 44, 45, 46, 50, 69, 73, 76, 77, 78, 80, 81, 83, 95, 100, 107, 130], "summary": {"covered_lines": 26, "num_statements": 31, "percent_covered": 83.87096774193549, "percent_covered_display": "84", "missing_lines": 5, "excluded_lines": 0, "percent_statements_covered": 83.87096774193549, "percent_statements_covered_display": "84"}, "missing_lines": [70, 126, 142, 145, 147], "excluded_lines": [], "start_line": 1}}}, "src/utils/security_logger.py": {"executed_lines": [7, 8, 9, 10, 13, 14, 17, 18, 19, 22, 23, 26, 56, 83, 107, 120, 128], "summary": {"covered_lines": 17, "num_statements": 23, "percent_covered": 73.91304347826087, "percent_covered_display": "74", "missing_lines": 6, "excluded_lines": 0, "percent_statements_covered": 73.91304347826087, "percent_statements_covered_display": "74"}, "missing_lines": [43, 53, 71, 80, 96, 104], "excluded_lines": [], "functions": {"log_auth_failure": {"executed_lines": [], "summary": {"covered_lines": 0, "num_statements": 2, "percent_covered": 0.0, "percent_covered_display": "0", "missing_lines": 2, "excluded_lines": 0, "percent_statements_covered": 0.0, "percent_statements_covered_display": "0"}, "missing_lines": [43, 53], "excluded_lines": [], "start_line": 26}, "log_rate_limit_exceeded": {"executed_lines": [], "summary": {"covered_lines": 0, "num_statements": 2, "percent_covered": 0.0, "percent_covered_display": "0", "missing_lines": 2, "excluded_lines": 0, "percent_statements_covered": 0.0, "percent_statements_covered_display": "0"}, "missing_lines": [71, 80], "excluded_lines": [], "start_line": 56}, "log_suspicious_activity": {"executed_lines": [], "summary": {"covered_lines": 0, "num_statements": 2, "percent_covered": 0.0, "percent_covered_display": "0", "missing_lines": 2, "excluded_lines": 0, "percent_statements_covered": 0.0, "percent_statements_covered_display": "0"}, "missing_lines": [96, 104], "excluded_lines": [], "start_line": 83}, "log_auth_success": {"executed_lines": [120, 128], "summary": {"covered_lines": 2, "num_statements": 2, "percent_covered": 100.0, "percent_covered_display": "100", "missing_lines": 0, "excluded_lines": 0, "percent_statements_covered": 100.0, "percent_statements_covered_display": "100"}, "missing_lines": [], "excluded_lines": [], "start_line": 107}, "": {"executed_lines": [7, 8, 9, 10, 13, 14, 17, 18, 19, 22, 23, 26, 56, 83, 107], "summary": {"covered_lines": 15, "num_statements": 15, "percent_covered": 100.0, "percent_covered_display": "100", "missing_lines": 0, "excluded_lines": 0, "percent_statements_covered": 100.0, "percent_statements_covered_display": "100"}, "missing_lines": [], "excluded_lines": [], "start_line": 1}}, "classes": {"": {"executed_lines": [7, 8, 9, 10, 13, 14, 17, 18, 19, 22, 23, 26, 56, 83, 107, 120, 128], "summary": {"covered_lines": 17, "num_statements": 23, "percent_covered": 73.91304347826087, "percent_covered_display": "74", "missing_lines": 6, "excluded_lines": 0, "percent_statements_covered": 73.91304347826087, "percent_statements_covered_display": "74"}, "missing_lines": [43, 53, 71, 80, 96, 104], "excluded_lines": [], "start_line": 1}}}, "src/utils/structured_logger.py": {"executed_lines": [7, 8, 9, 10, 11, 12, 13, 16, 18, 21, 28, 62, 85, 95, 102, 105, 112, 115, 127, 129, 130, 132, 136, 147, 154, 156, 165, 168, 179, 184, 186, 190, 192, 194, 198, 200, 202, 208, 225, 228, 231, 244, 247, 250, 262], "summary": {"covered_lines": 45, "num_statements": 64, "percent_covered": 70.3125, "percent_covered_display": "70", "missing_lines": 19, "excluded_lines": 0, "percent_statements_covered": 70.3125, "percent_statements_covered_display": "70"}, "missing_lines": [38, 40, 52, 53, 56, 57, 59, 70, 71, 74, 75, 78, 79, 80, 82, 92, 188, 196, 204], "excluded_lines": [], "functions": {"StructuredFormatter.format": {"executed_lines": [], "summary": {"covered_lines": 0, "num_statements": 7, "percent_covered": 0.0, "percent_covered_display": "0", "missing_lines": 7, "excluded_lines": 0, "percent_statements_covered": 0.0, "percent_statements_covered_display": "0"}, "missing_lines": [38, 40, 52, 53, 56, 57, 59], "excluded_lines": [], "start_line": 28}, "setup_structured_logging": {"executed_lines": [], "summary": {"covered_lines": 0, "num_statements": 8, "percent_covered": 0.0, "percent_covered_display": "0", "missing_lines": 8, "excluded_lines": 0, "percent_statements_covered": 0.0, "percent_statements_covered_display": "0"}, "missing_lines": [70, 71, 74, 75, 78, 79, 80, 82], "excluded_lines": [], "start_line": 62}, "get_correlation_id": {"executed_lines": [], "summary": {"covered_lines": 0, "num_statements": 1, "percent_covered": 0.0, "percent_covered_display": "0", "missing_lines": 1, "excluded_lines": 0, "percent_statements_covered": 0.0, "percent_statements_covered_display": "0"}, "missing_lines": [92], "excluded_lines": [], "start_line": 85}, "set_correlation_id": {"executed_lines": [102], "summary": {"covered_lines": 1, "num_statements": 1, "percent_covered": 100.0, "percent_covered_display": "100", "missing_lines": 0, "excluded_lines": 0, "percent_statements_covered": 100.0, "percent_statements_covered_display": "100"}, "missing_lines": [], "excluded_lines": [], "start_line": 95}, "generate_correlation_id": {"executed_lines": [112], "summary": {"covered_lines": 1, "num_statements": 1, "percent_covered": 100.0, "percent_covered_display": "100", "missing_lines": 0, "excluded_lines": 0, "percent_statements_covered": 100.0, "percent_statements_covered_display": "100"}, "missing_lines": [], "excluded_lines": [], "start_line": 105}, "extract_correlation_id": {"executed_lines": [127, 129, 130, 132], "summary": {"covered_lines": 4, "num_statements": 4, "percent_covered": 100.0, "percent_covered_display": "100", "missing_lines": 0, "excluded_lines": 0, "percent_statements_covered": 100.0, "percent_statements_covered_display": "100"}, "missing_lines": [], "excluded_lines": [], "start_line": 115}, "StructuredLogger.__init__": {"executed_lines": [154], "summary": {"covered_lines": 1, "num_statements": 1, "percent_covered": 100.0, "percent_covered_display": "100", "missing_lines": 0, "excluded_lines": 0, "percent_statements_covered": 100.0, "percent_statements_covered_display": "100"}, "missing_lines": [], "excluded_lines": [], "start_line": 147}, "StructuredLogger._log": {"executed_lines": [165, 168, 179, 184], "summary": {"covered_lines": 4, "num_statements": 4, "percent_covered": 100.0, "percent_covered_display": "100", "missing_lines": 0, "excluded_lines": 0, "percent_statements_covered": 100.0, "percent_statements_covered_display": "100"}, "missing_lines": [], "excluded_lines": [], "start_line": 156}, "StructuredLogger.debug": {"executed_lines": [], "summary": {"covered_lines": 0, "num_statements": 1, "percent_covered": 0.0, "percent_covered_display": "0", "missing_lines": 1, "excluded_lines": 0, "percent_statements_covered": 0.0, "percent_statements_covered_display": "0"}, "missing_lines": [188], "excluded_lines": [], "start_line": 186}, "StructuredLogger.info": {"executed_lines": [192], "summary": {"covered_lines": 1, "num_statements": 1, "percent_covered": 100.0, "percent_covered_display": "100", "missing_lines": 0, "excluded_lines": 0, "percent_statements_covered": 100.0, "percent_statements_covered_display": "100"}, "missing_lines": [], "excluded_lines": [], "start_line": 190}, "StructuredLogger.warning": {"executed_lines": [], "summary": {"covered_lines": 0, "num_statements": 1, "percent_covered": 0.0, "percent_covered_display": "0", "missing_lines": 1, "excluded_lines": 0, "percent_statements_covered": 0.0, "percent_statements_covered_display": "0"}, "missing_lines": [196], "excluded_lines": [], "start_line": 194}, "StructuredLogger.error": {"executed_lines": [200], "summary": {"covered_lines": 1, "num_statements": 1, "percent_covered": 100.0, "percent_covered_display": "100", "missing_lines": 0, "excluded_lines": 0, "percent_statements_covered": 100.0, "percent_statements_covered_display": "100"}, "missing_lines": [], "excluded_lines": [], "start_line": 198}, "StructuredLogger.critical": {"executed_lines": [], "summary": {"covered_lines": 0, "num_statements": 1, "percent_covered": 0.0, "percent_covered_display": "0", "missing_lines": 1, "excluded_lines": 0, "percent_statements_covered": 0.0, "percent_statements_covered_display": "0"}, "missing_lines": [204], "excluded_lines": [], "start_line": 202}, "correlation_id_middleware": {"executed_lines": [225, 228, 231, 244, 247, 250, 262], "summary": {"covered_lines": 7, "num_statements": 7, "percent_covered": 100.0, "percent_covered_display": "100", "missing_lines": 0, "excluded_lines": 0, "percent_statements_covered": 100.0, "percent_statements_covered_display": "100"}, "missing_lines": [], "excluded_lines": [], "start_line": 208}, "": {"executed_lines": [7, 8, 9, 10, 11, 12, 13, 16, 18, 21, 28, 62, 85, 95, 105, 115, 136, 147, 156, 186, 190, 194, 198, 202, 208], "summary": {"covered_lines": 25, "num_statements": 25, "percent_covered": 100.0, "percent_covered_display": "100", "missing_lines": 0, "excluded_lines": 0, "percent_statements_covered": 100.0, "percent_statements_covered_display": "100"}, "missing_lines": [], "excluded_lines": [], "start_line": 1}}, "classes": {"StructuredFormatter": {"executed_lines": [], "summary": {"covered_lines": 0, "num_statements": 7, "percent_covered": 0.0, "percent_covered_display": "0", "missing_lines": 7, "excluded_lines": 0, "percent_statements_covered": 0.0, "percent_statements_covered_display": "0"}, "missing_lines": [38, 40, 52, 53, 56, 57, 59], "excluded_lines": [], "start_line": 21}, "StructuredLogger": {"executed_lines": [154, 165, 168, 179, 184, 192, 200], "summary": {"covered_lines": 7, "num_statements": 10, "percent_covered": 70.0, "percent_covered_display": "70", "missing_lines": 3, "excluded_lines": 0, "percent_statements_covered": 70.0, "percent_statements_covered_display": "70"}, "missing_lines": [188, 196, 204], "excluded_lines": [], "start_line": 136}, "": {"executed_lines": [7, 8, 9, 10, 11, 12, 13, 16, 18, 21, 28, 62, 85, 95, 102, 105, 112, 115, 127, 129, 130, 132, 136, 147, 156, 186, 190, 194, 198, 202, 208, 225, 228, 231, 244, 247, 250, 262], "summary": {"covered_lines": 38, "num_statements": 47, "percent_covered": 80.85106382978724, "percent_covered_display": "81", "missing_lines": 9, "excluded_lines": 0, "percent_statements_covered": 80.85106382978724, "percent_statements_covered_display": "81"}, "missing_lines": [70, 71, 74, 75, 78, 79, 80, 82, 92], "excluded_lines": [], "start_line": 1}}}, "src/utils/supabase_client.py": {"executed_lines": [7, 8, 9, 10, 12, 14, 17, 48, 95, 98, 99, 102, 103, 104, 105, 108, 109, 112, 113, 114, 115, 117, 121], "summary": {"covered_lines": 23, "num_statements": 31, "percent_covered": 74.19354838709677, "percent_covered_display": "74", "missing_lines": 8, "excluded_lines": 0, "percent_statements_covered": 74.19354838709677, "percent_statements_covered_display": "74"}, "missing_lines": [31, 32, 33, 35, 36, 41, 42, 44], "excluded_lines": [], "functions": {"get_supabase_client": {"executed_lines": [], "summary": {"covered_lines": 0, "num_statements": 8, "percent_covered": 0.0, "percent_covered_display": "0", "missing_lines": 8, "excluded_lines": 0, "percent_statements_covered": 0.0, "percent_statements_covered_display": "0"}, "missing_lines": [31, 32, 33, 35, 36, 41, 42, 44], "excluded_lines": [], "start_line": 17}, "build_optimized_query": {"executed_lines": [95, 98, 99, 102, 103, 104, 105, 108, 109, 112, 113, 114, 115, 117], "summary": {"covered_lines": 14, "num_statements": 14, "percent_covered": 100.0, "percent_covered_display": "100", "missing_lines": 0, "excluded_lines": 0, "percent_statements_covered": 100.0, "percent_statements_covered_display": "100"}, "missing_lines": [], "excluded_lines": [], "start_line": 48}, "": {"executed_lines": [7, 8, 9, 10, 12, 14, 17, 48, 121], "summary": {"covered_lines": 9, "num_statements": 9, "percent_covered": 100.0, "percent_covered_display": "100", "missing_lines": 0, "excluded_lines": 0, "percent_statements_covered": 100.0, "percent_statements_covered_display": "100"}, "missing_lines": [], "excluded_lines": [], "start_line": 1}}, "classes": {"": {"executed_lines": [7, 8, 9, 10, 12, 14, 17, 48, 95, 98, 99, 102, 103, 104, 105, 108, 109, 112, 113, 114, 115, 117, 121], "summary": {"covered_lines": 23, "num_statements": 31, "percent_covered": 74.19354838709677, "percent_covered_display": "74", "missing_lines": 8, "excluded_lines": 0, "percent_statements_covered": 74.19354838709677, "percent_statements_covered_display": "74"}, "missing_lines": [31, 32, 33, 35, 36, 41, 42, 44], "excluded_lines": [], "start_line": 1}}}}, "totals": {"covered_lines": 671, "num_statements": 867, "percent_covered": 77.39331026528258, "percent_covered_display": "77", "missing_lines": 196, "excluded_lines": 0, "percent_statements_covered": 77.39331026528258, "percent_statements_covered_display": "77"}}